Copyright 1986-2015 Xilinx, Inc. All Rights Reserved.
------------------------------------------------------------------------------------
| Tool Version : Vivado v.2015.2 (win64) Build 1266856 Fri Jun 26 16:35:25 MDT 2015
| Date         : Mon Feb 08 16:57:26 2016
| Host         : xserverPC running 64-bit major release  (build 7600)
| Command      : report_ip_status
------------------------------------------------------------------------------------

IP Status Summary

1. Project IP Status
--------------------
Your project uses 7 IP. Some of these IP may have undergone changes in this release of the software. Please review the recommended actions.

More information on the Xilinx versioning policy is available at www.xilinx.com.

Project IP Instances
+--------------------------------------------+------------+---------------------+-----------+--------------------+---------+--------------+------------+----------------------+
| Instance Name                              | Status     | Recommendation      | Change    | IP Name            | IP      | New Version  | New        | Original Part        |
|                                            |            |                     | Log       |                    | Version |              | License    |                      |
+--------------------------------------------+------------+---------------------+-----------+--------------------+---------+--------------+------------+----------------------+
| embv_python1300c_fb_processing_system7_0_0 | Up-to-date | No changes required |  *(1)     | ZYNQ7 Processing   | 5.5     | 5.5 (Rev. 1) | Included   | xc7z020clg400-1      |
|                                            |            |                     |           | System             | (Rev.   |              |            |                      |
|                                            |            |                     |           |                    | 1)      |              |            |                      |
+--------------------------------------------+------------+---------------------+-----------+--------------------+---------+--------------+------------+----------------------+
| embv_python1300c_fb_v_cfa_0_0              | Up-to-date | No changes required |  *(2)     | Color Filter Array | 7.0     | 7.0 (Rev. 6) | Hardware_E | xc7z020clg400-1      |
|                                            |            |                     |           | Interpolation      | (Rev.   |              |            |                      |
|                                            |            |                     |           |                    | 6)      |              |            |                      |
+--------------------------------------------+------------+---------------------+-----------+--------------------+---------+--------------+------------+----------------------+
| embv_python1300c_fb_v_cresample_0_0        | Up-to-date | No changes required |  *(3)     | Chroma Resampler   | 4.0     | 4.0 (Rev. 6) | Hardware_E | xc7z020clg400-1      |
|                                            |            |                     |           |                    | (Rev.   |              |            |                      |
|                                            |            |                     |           |                    | 6)      |              |            |                      |
+--------------------------------------------+------------+---------------------+-----------+--------------------+---------+--------------+------------+----------------------+
| embv_python1300c_fb_v_osd_0_0              | Up-to-date | No changes required |  *(4)     | Video On Screen    | 6.0     | 6.0 (Rev. 8) | Hardware_E | xc7z020clg400-1      |
|                                            |            |                     |           | Display            | (Rev.   |              |            |                      |
|                                            |            |                     |           |                    | 8)      |              |            |                      |
+--------------------------------------------+------------+---------------------+-----------+--------------------+---------+--------------+------------+----------------------+
| embv_python1300c_fb_v_rgb2ycrcb_0_0        | Up-to-date | No changes required |  *(5)     | RGB to YCrCb       | 7.1     | 7.1 (Rev. 5) | Included   | xc7z020clg400-1      |
|                                            |            |                     |           | Color-Space        | (Rev.   |              |            |                      |
|                                            |            |                     |           | Converter          | 5)      |              |            |                      |
+--------------------------------------------+------------+---------------------+-----------+--------------------+---------+--------------+------------+----------------------+
| embv_python1300c_fb_v_tc_0_0               | Up-to-date | No changes required |  *(6)     | Video Timing       | 6.1     | 6.1 (Rev. 5) | Included   | xc7z020clg400-1      |
|                                            |            |                     |           | Controller         | (Rev.   |              |            |                      |
|                                            |            |                     |           |                    | 5)      |              |            |                      |
+--------------------------------------------+------------+---------------------+-----------+--------------------+---------+--------------+------------+----------------------+
| embv_python1300c_fb_v_tpg_0_0              | Up-to-date | No changes required |  *(7)     | Test Pattern       | 6.0     | 6.0 (Rev. 4) | Included   | xc7z020clg400-1      |
|                                            |            |                     |           | Generator          | (Rev.   |              |            |                      |
|                                            |            |                     |           |                    | 4)      |              |            |                      |
+--------------------------------------------+------------+---------------------+-----------+--------------------+---------+--------------+------------+----------------------+
*(1) e:/Xilinx/Vivado/2015.2/data/ip/xilinx/processing_system7_v5_5/doc/processing_system7_v5_5_changelog.txt
*(2) e:/Xilinx/Vivado/2015.2/data/ip/xilinx/v_cfa_v7_0/doc/v_cfa_v7_0_changelog.txt
*(3) e:/Xilinx/Vivado/2015.2/data/ip/xilinx/v_cresample_v4_0/doc/v_cresample_v4_0_changelog.txt
*(4) e:/Xilinx/Vivado/2015.2/data/ip/xilinx/v_osd_v6_0/doc/v_osd_v6_0_changelog.txt
*(5) e:/Xilinx/Vivado/2015.2/data/ip/xilinx/v_rgb2ycrcb_v7_1/doc/v_rgb2ycrcb_v7_1_changelog.txt
*(6) e:/Xilinx/Vivado/2015.2/data/ip/xilinx/v_tc_v6_1/doc/v_tc_v6_1_changelog.txt
*(7) e:/Xilinx/Vivado/2015.2/data/ip/xilinx/v_tpg_v6_0/doc/v_tpg_v6_0_changelog.txt


