#
# A fatal error has been detected by the Java Runtime Environment:
#
#  EXCEPTION_UNCAUGHT_CXX_EXCEPTION (0xe06d7363) at pc=0x000007fefdc0aa7d, pid=5388, tid=5160
#
# JRE version: Java(TM) SE Runtime Environment (8.0_25-b18) (build 1.8.0_25-b18)
# Java VM: Java HotSpot(TM) 64-Bit Server VM (25.25-b02 mixed mode windows-amd64 compressed oops)
# Problematic frame:
# C  [KERNELBASE.dll+0xaa7d]
#
# Failed to write core dump. Minidumps are not enabled by default on client versions of Windows
#
# If you would like to submit a bug report, please visit:
#   http://bugreport.sun.com/bugreport/crash.jsp
#

---------------  T H R E A D  ---------------

Current thread (0x0000000013fa5000):  VMThread [stack: 0x00000000166c0000,0x00000000167c0000] [id=5160]

siginfo: ExceptionCode=0xe06d7363, ExceptionInformation=0x0000000019930520 0x00000000167bf368 0x000007feef9b2cb8 0x000007feef900000 

Registers:
RAX=0x000000008c3eadc1, RBX=0x000007feef9b2cb8, RCX=0x00000000167bebb0, RDX=0x00000000000000d0
RSP=0x00000000167bf1c0, RBP=0x00000000167bf2f0, RSI=0x00000000ffffffff, RDI=0x00000000239ab910
R8 =0x0000000000000000, R9 =0x0000000000000000, R10=0x000007feef900000, R11=0x00000000167bf200
R12=0x0000000000000001, R13=0x0000000000000008, R14=0x0000000000000000, R15=0xffffffffffffffff
RIP=0x000007fefdc0aa7d, EFLAGS=0x0000000000000202

Top of Stack: (sp=0x00000000167bf1c0)
0x00000000167bf1c0:   000007feef9b2cb8 00000000ffffffff
0x00000000167bf1d0:   00000000239ab910 0000000000234b40
0x00000000167bf1e0:   00000001e06d7363 0000000000000000
0x00000000167bf1f0:   000007fefdc0aa7d 000007fe00000004
0x00000000167bf200:   0000000019930520 00000000167bf368
0x00000000167bf210:   000007feef9b2cb8 000007feef900000
0x00000000167bf220:   0000000000000000 00000000167bf2a8
0x00000000167bf230:   0000000000000028 00000000239ab900
0x00000000167bf240:   000000000022ca00 0000000000000000
0x00000000167bf250:   000007fffffa4000 0000000077a2cdd3
0x00000000167bf260:   0000000000000000 0000000000000008
0x00000000167bf270:   0000000000000001 00000000239ab910
0x00000000167bf280:   00000000ffffffff 000007feef95e92c
0x00000000167bf290:   000007feef9b2cb8 00000000167bf300
0x00000000167bf2a0:   0000000000000001 000007feef9000f8
0x00000000167bf2b0:   00000001e06d7363 0000000000000000 

Instructions: (pc=0x000007fefdc0aa7d)
0x000007fefdc0aa5d:   54 24 24 48 89 4c 24 28 4d 85 c9 0f 85 30 02 01
0x000007fefdc0aa6d:   00 89 4c 24 38 48 8d 4c 24 20 ff 15 43 f8 03 00
0x000007fefdc0aa7d:   48 81 c4 c8 00 00 00 c3 90 90 90 90 90 90 90 90
0x000007fefdc0aa8d:   90 90 90 48 83 ec 48 83 f9 08 0f 8d 42 6a 01 00 


Register to memory mapping:

RAX=0x000000008c3eadc1 is an unknown value
RBX=0x000007feef9b2cb8 is an unknown value
RCX=0x00000000167bebb0 is an unknown value
RDX=0x00000000000000d0 is an unknown value
RSP=0x00000000167bf1c0 is an unknown value
RBP=0x00000000167bf2f0 is an unknown value
RSI=0x00000000ffffffff is an unknown value
RDI=0x00000000239ab910 is an unknown value
R8 =0x0000000000000000 is an unknown value
R9 =0x0000000000000000 is an unknown value
R10=0x000007feef900000 is an unknown value
R11=0x00000000167bf200 is an unknown value
R12=0x0000000000000001 is an unknown value
R13=0x0000000000000008 is an unknown value
R14=0x0000000000000000 is an unknown value
R15=0xffffffffffffffff is an unknown value


Stack: [0x00000000166c0000,0x00000000167c0000],  sp=0x00000000167bf1c0,  free space=1020k
Native frames: (J=compiled Java code, j=interpreted, Vv=VM code, C=native code)
C  [KERNELBASE.dll+0xaa7d]
C  [MSVCR110.dll+0x5e92c]
C  [MSVCR110.dll+0x1315c]
C  [MSVCR110.dll+0x136a9]
C  [MSVCR110.dll+0x13e9c]
C  [MSVCR110.dll+0x239e]
C  [MSVCR110.dll+0xaf9e]
C  [MSVCP110.dll+0x397b9]
C  [librdi_common.dll+0x135d02]
C  [librdi_common.dll+0x13447b]
C  [librdi_sw_platform.dll+0x10904]
C  [librdi_sw_platform.dll+0x10b86]
C  [ntdll.dll+0x23801]
C  [ntdll.dll+0x23610]
C  [MSVCR100.dll+0x20ccd]
V  [jvm.dll+0x1f9c55]
V  [jvm.dll+0x2325e7]
V  [jvm.dll+0x231826]
V  [jvm.dll+0x231cc1]
V  [jvm.dll+0x231ede]
V  [jvm.dll+0x2852fa]
C  [MSVCR100.dll+0x21d9f]
C  [MSVCR100.dll+0x21e3b]
C  [kernel32.dll+0x1f56d]
C  [ntdll.dll+0x33281]

VM_Operation (0x000000000012f500): Exit, mode: safepoint, requested by thread 0x00000000025de800


---------------  P R O C E S S  ---------------

Java Threads: ( => current thread )
  0x0000000018af4000 JavaThread "EMF Reference Cleaner" daemon [_thread_blocked, id=12932, stack(0x000000001ab70000,0x000000001ac70000)]
  0x0000000018af2800 JavaThread "TCF Locator DNS Lookup" daemon [_thread_blocked, id=4788, stack(0x000000001c580000,0x000000001c680000)]
  0x0000000018af1800 JavaThread "TCF Locator Timer" daemon [_thread_blocked, id=7692, stack(0x000000001c480000,0x000000001c580000)]
  0x0000000018af1000 JavaThread "TCF Locator Receiver" daemon [_thread_in_native, id=7272, stack(0x000000001c380000,0x000000001c480000)]
  0x000000001b2ab000 JavaThread "TCF Timer Dispatcher" daemon [_thread_blocked, id=11924, stack(0x000000001bfa0000,0x000000001c0a0000)]
  0x0000000015383800 JavaThread "Service Thread" daemon [_thread_blocked, id=7608, stack(0x0000000016fc0000,0x00000000170c0000)]
  0x000000001531e000 JavaThread "C1 CompilerThread3" daemon [_thread_blocked, id=10048, stack(0x0000000016ec0000,0x0000000016fc0000)]
  0x00000000152ea000 JavaThread "C2 CompilerThread2" daemon [_thread_blocked, id=4588, stack(0x0000000016dc0000,0x0000000016ec0000)]
  0x00000000152e9800 JavaThread "C2 CompilerThread1" daemon [_thread_blocked, id=5460, stack(0x0000000016cc0000,0x0000000016dc0000)]
  0x00000000152e5800 JavaThread "C2 CompilerThread0" daemon [_thread_blocked, id=8816, stack(0x0000000016bc0000,0x0000000016cc0000)]
  0x00000000152e4800 JavaThread "Attach Listener" daemon [_thread_blocked, id=5116, stack(0x0000000016ac0000,0x0000000016bc0000)]
  0x00000000152ed000 JavaThread "Signal Dispatcher" daemon [_thread_blocked, id=12864, stack(0x00000000169c0000,0x0000000016ac0000)]
  0x0000000015286000 JavaThread "Finalizer" daemon [_thread_blocked, id=12008, stack(0x00000000168c0000,0x00000000169c0000)]
  0x0000000015285000 JavaThread "Reference Handler" daemon [_thread_blocked, id=5368, stack(0x00000000167c0000,0x00000000168c0000)]
  0x00000000025de800 JavaThread "main" [_thread_blocked, id=6848, stack(0x0000000000030000,0x0000000000130000)]

Other Threads:
=>0x0000000013fa5000 VMThread [stack: 0x00000000166c0000,0x00000000167c0000] [id=5160]

VM state:at safepoint (shutting down)

VM Mutex/Monitor currently owned by a thread:  ([mutex/lock_event])
[0x0000000002538800] Threads_lock - owner thread: 0x0000000013fa5000

Heap:
 PSYoungGen      total 162304K, used 23306K [0x00000000f5580000, 0x0000000100000000, 0x0000000100000000)
  eden space 151040K, 14% used [0x00000000f5580000,0x00000000f6a4aba0,0x00000000fe900000)
  from space 11264K, 17% used [0x00000000fe900000,0x00000000feaf8000,0x00000000ff400000)
  to   space 11264K, 0% used [0x00000000ff500000,0x00000000ff500000,0x0000000100000000)
 ParOldGen       total 59392K, used 32561K [0x00000000e0000000, 0x00000000e3a00000, 0x00000000f5580000)
  object space 59392K, 54% used [0x00000000e0000000,0x00000000e1fcc7b8,0x00000000e3a00000)
 Metaspace       used 36397K, capacity 38926K, committed 39296K, reserved 1083392K
  class space    used 3867K, capacity 4644K, committed 4736K, reserved 1048576K

Card table byte_map: [0x00000000119a0000,0x0000000011ab0000] byte_map_base: 0x00000000112a0000

Marking Bits: (ParMarkBitMap*) 0x000000006224d490
 Begin Bits: [0x00000000124b0000, 0x0000000012cb0000)
 End Bits:   [0x0000000012cb0000, 0x00000000134b0000)

Polling page: 0x0000000001c50000

CodeCache: size=245760Kb used=21632Kb max_used=22624Kb free=224127Kb
 bounds [0x00000000025e0000, 0x0000000003c20000, 0x00000000115e0000]
 total_blobs=6390 nmethods=5800 adapters=503
 compilation: enabled

Compilation events (10 events):
Event: 59.482 Thread 0x000000001531e000 nmethod 7420 0x00000000034fdad0 code [0x00000000034fddc0, 0x00000000034ff688]
Event: 59.483 Thread 0x000000001531e000 7417       1       org.eclipse.osgi.internal.loader.BundleLoaderProxy::getBasicBundleLoader (5 bytes)
Event: 59.483 Thread 0x000000001531e000 nmethod 7417 0x000000000366ae90 code [0x000000000366afe0, 0x000000000366b0f0]
Event: 59.485 Thread 0x000000001531e000 7421       3       java.io.File::list (33 bytes)
Event: 59.485 Thread 0x000000001531e000 nmethod 7421 0x0000000003947590 code [0x0000000003947760, 0x0000000003947e88]
Event: 59.486 Thread 0x000000001531e000 7418       1       org.eclipse.osgi.internal.loader.BundleLoaderProxy::getBundleData (5 bytes)
Event: 59.486 Thread 0x000000001531e000 nmethod 7418 0x0000000002bb83d0 code [0x0000000002bb8520, 0x0000000002bb8630]
Event: 59.504 Thread 0x00000000152e9800 nmethod 7356 0x0000000003192b10 code [0x0000000003192ee0, 0x0000000003196450]
Event: 59.508 Thread 0x000000001531e000 7422       3       org.eclipse.osgi.framework.internal.core.AbstractBundle::close (52 bytes)
Event: 59.509 Thread 0x000000001531e000 nmethod 7422 0x000000000329e810 code [0x000000000329ea40, 0x000000000329f728]

GC Heap History (10 events):
Event: 24.762 GC heap before
{Heap before GC invocations=13 (full 2):
 PSYoungGen      total 134144K, used 125725K [0x00000000f5580000, 0x00000000fe500000, 0x0000000100000000)
  eden space 121856K, 100% used [0x00000000f5580000,0x00000000fcc80000,0x00000000fcc80000)
  from space 12288K, 31% used [0x00000000fd880000,0x00000000fdc474d0,0x00000000fe480000)
  to   space 12288K, 0% used [0x00000000fcc80000,0x00000000fcc80000,0x00000000fd880000)
 ParOldGen       total 59392K, used 22469K [0x00000000e0000000, 0x00000000e3a00000, 0x00000000f5580000)
  object space 59392K, 37% used [0x00000000e0000000,0x00000000e15f1648,0x00000000e3a00000)
 Metaspace       used 34984K, capacity 37504K, committed 37632K, reserved 1083392K
  class space    used 3776K, capacity 4576K, committed 4608K, reserved 1048576K
Event: 24.790 GC heap after
Heap after GC invocations=13 (full 2):
 PSYoungGen      total 134144K, used 3070K [0x00000000f5580000, 0x00000000fff00000, 0x0000000100000000)
  eden space 121856K, 0% used [0x00000000f5580000,0x00000000f5580000,0x00000000fcc80000)
  from space 12288K, 24% used [0x00000000fcc80000,0x00000000fcf7f890,0x00000000fd880000)
  to   space 11776K, 0% used [0x00000000ff380000,0x00000000ff380000,0x00000000fff00000)
 ParOldGen       total 59392K, used 24594K [0x00000000e0000000, 0x00000000e3a00000, 0x00000000f5580000)
  object space 59392K, 41% used [0x00000000e0000000,0x00000000e18048e8,0x00000000e3a00000)
 Metaspace       used 34984K, capacity 37504K, committed 37632K, reserved 1083392K
  class space    used 3776K, capacity 4576K, committed 4608K, reserved 1048576K
}
Event: 38.006 GC heap before
{Heap before GC invocations=14 (full 2):
 PSYoungGen      total 134144K, used 124926K [0x00000000f5580000, 0x00000000fff00000, 0x0000000100000000)
  eden space 121856K, 100% used [0x00000000f5580000,0x00000000fcc80000,0x00000000fcc80000)
  from space 12288K, 24% used [0x00000000fcc80000,0x00000000fcf7f890,0x00000000fd880000)
  to   space 11776K, 0% used [0x00000000ff380000,0x00000000ff380000,0x00000000fff00000)
 ParOldGen       total 59392K, used 24594K [0x00000000e0000000, 0x00000000e3a00000, 0x00000000f5580000)
  object space 59392K, 41% used [0x00000000e0000000,0x00000000e18048e8,0x00000000e3a00000)
 Metaspace       used 35781K, capacity 38246K, committed 38528K, reserved 1083392K
  class space    used 3835K, capacity 4609K, committed 4736K, reserved 1048576K
Event: 38.011 GC heap after
Heap after GC invocations=14 (full 2):
 PSYoungGen      total 161792K, used 3729K [0x00000000f5580000, 0x00000000fff80000, 0x0000000100000000)
  eden space 150016K, 0% used [0x00000000f5580000,0x00000000f5580000,0x00000000fe800000)
  from space 11776K, 31% used [0x00000000ff380000,0x00000000ff724660,0x00000000fff00000)
  to   space 11776K, 0% used [0x00000000fe800000,0x00000000fe800000,0x00000000ff380000)
 ParOldGen       total 59392K, used 26020K [0x00000000e0000000, 0x00000000e3a00000, 0x00000000f5580000)
  object space 59392K, 43% used [0x00000000e0000000,0x00000000e1969038,0x00000000e3a00000)
 Metaspace       used 35781K, capacity 38246K, committed 38528K, reserved 1083392K
  class space    used 3835K, capacity 4609K, committed 4736K, reserved 1048576K
}
Event: 38.826 GC heap before
{Heap before GC invocations=15 (full 2):
 PSYoungGen      total 161792K, used 153745K [0x00000000f5580000, 0x00000000fff80000, 0x0000000100000000)
  eden space 150016K, 100% used [0x00000000f5580000,0x00000000fe800000,0x00000000fe800000)
  from space 11776K, 31% used [0x00000000ff380000,0x00000000ff724660,0x00000000fff00000)
  to   space 11776K, 0% used [0x00000000fe800000,0x00000000fe800000,0x00000000ff380000)
 ParOldGen       total 59392K, used 26020K [0x00000000e0000000, 0x00000000e3a00000, 0x00000000f5580000)
  object space 59392K, 43% used [0x00000000e0000000,0x00000000e1969038,0x00000000e3a00000)
 Metaspace       used 35920K, capacity 38470K, committed 38784K, reserved 1083392K
  class space    used 3837K, capacity 4641K, committed 4736K, reserved 1048576K
Event: 38.834 GC heap after
Heap after GC invocations=15 (full 2):
 PSYoungGen      total 161792K, used 3531K [0x00000000f5580000, 0x00000000fff00000, 0x0000000100000000)
  eden space 150016K, 0% used [0x00000000f5580000,0x00000000f5580000,0x00000000fe800000)
  from space 11776K, 29% used [0x00000000fe800000,0x00000000feb72f38,0x00000000ff380000)
  to   space 11264K, 0% used [0x00000000ff400000,0x00000000ff400000,0x00000000fff00000)
 ParOldGen       total 59392K, used 28365K [0x00000000e0000000, 0x00000000e3a00000, 0x00000000f5580000)
  object space 59392K, 47% used [0x00000000e0000000,0x00000000e1bb3680,0x00000000e3a00000)
 Metaspace       used 35920K, capacity 38470K, committed 38784K, reserved 1083392K
  class space    used 3837K, capacity 4641K, committed 4736K, reserved 1048576K
}
Event: 39.562 GC heap before
{Heap before GC invocations=16 (full 2):
 PSYoungGen      total 161792K, used 153547K [0x00000000f5580000, 0x00000000fff00000, 0x0000000100000000)
  eden space 150016K, 100% used [0x00000000f5580000,0x00000000fe800000,0x00000000fe800000)
  from space 11776K, 29% used [0x00000000fe800000,0x00000000feb72f38,0x00000000ff380000)
  to   space 11264K, 0% used [0x00000000ff400000,0x00000000ff400000,0x00000000fff00000)
 ParOldGen       total 59392K, used 28365K [0x00000000e0000000, 0x00000000e3a00000, 0x00000000f5580000)
  object space 59392K, 47% used [0x00000000e0000000,0x00000000e1bb3680,0x00000000e3a00000)
 Metaspace       used 35973K, capacity 38470K, committed 38784K, reserved 1083392K
  class space    used 3837K, capacity 4641K, committed 4736K, reserved 1048576K
Event: 39.589 GC heap after
Heap after GC invocations=16 (full 2):
 PSYoungGen      total 162304K, used 2735K [0x00000000f5580000, 0x00000000fff80000, 0x0000000100000000)
  eden space 151040K, 0% used [0x00000000f5580000,0x00000000f5580000,0x00000000fe900000)
  from space 11264K, 24% used [0x00000000ff400000,0x00000000ff6abe70,0x00000000fff00000)
  to   space 11264K, 0% used [0x00000000fe900000,0x00000000fe900000,0x00000000ff400000)
 ParOldGen       total 59392K, used 30826K [0x00000000e0000000, 0x00000000e3a00000, 0x00000000f5580000)
  object space 59392K, 51% used [0x00000000e0000000,0x00000000e1e1a908,0x00000000e3a00000)
 Metaspace       used 35973K, capacity 38470K, committed 38784K, reserved 1083392K
  class space    used 3837K, capacity 4641K, committed 4736K, reserved 1048576K
}
Event: 59.148 GC heap before
{Heap before GC invocations=17 (full 2):
 PSYoungGen      total 162304K, used 153775K [0x00000000f5580000, 0x00000000fff80000, 0x0000000100000000)
  eden space 151040K, 100% used [0x00000000f5580000,0x00000000fe900000,0x00000000fe900000)
  from space 11264K, 24% used [0x00000000ff400000,0x00000000ff6abe70,0x00000000fff00000)
  to   space 11264K, 0% used [0x00000000fe900000,0x00000000fe900000,0x00000000ff400000)
 ParOldGen       total 59392K, used 30826K [0x00000000e0000000, 0x00000000e3a00000, 0x00000000f5580000)
  object space 59392K, 51% used [0x00000000e0000000,0x00000000e1e1a908,0x00000000e3a00000)
 Metaspace       used 36128K, capacity 38668K, committed 39040K, reserved 1083392K
  class space    used 3839K, capacity 4642K, committed 4736K, reserved 1048576K
Event: 59.151 GC heap after
Heap after GC invocations=17 (full 2):
 PSYoungGen      total 162304K, used 2016K [0x00000000f5580000, 0x0000000100000000, 0x0000000100000000)
  eden space 151040K, 0% used [0x00000000f5580000,0x00000000f5580000,0x00000000fe900000)
  from space 11264K, 17% used [0x00000000fe900000,0x00000000feaf8000,0x00000000ff400000)
  to   space 11264K, 0% used [0x00000000ff500000,0x00000000ff500000,0x0000000100000000)
 ParOldGen       total 59392K, used 32561K [0x00000000e0000000, 0x00000000e3a00000, 0x00000000f5580000)
  object space 59392K, 54% used [0x00000000e0000000,0x00000000e1fcc7b8,0x00000000e3a00000)
 Metaspace       used 36128K, capacity 38668K, committed 39040K, reserved 1083392K
  class space    used 3839K, capacity 4642K, committed 4736K, reserved 1048576K
}

Deoptimization events (10 events):
Event: 59.289 Thread 0x0000000018af0000 Uncommon trap: reason=unloaded action=reinterpret pc=0x00000000031c83c8 method=java.net.URI$Parser.checkChars(IIJJLjava/lang/String;)V @ 18
Event: 59.311 Thread 0x0000000018af0000 Uncommon trap: reason=bimorphic action=maybe_recompile pc=0x0000000003c015f8 method=org.eclipse.cdt.internal.core.language.settings.providers.LanguageSettingsProvidersSerializer.getSettingEntriesByKind(Lorg/eclipse/cdt/core/settings/model/ICConfigurationDeÖ×æ§M@
Event: 59.312 Thread 0x0000000018af0000 Uncommon trap: reason=bimorphic action=maybe_recompile pc=0x0000000003c015f8 method=org.eclipse.cdt.internal.core.language.settings.providers.LanguageSettingsProvidersSerializer.getSettingEntriesByKind(Lorg/eclipse/cdt/core/settings/model/ICConfigurationDeæ
Event: 59.312 Thread 0x0000000018af0000 Uncommon trap: reason=bimorphic action=maybe_recompile pc=0x0000000003c015f8 method=org.eclipse.cdt.internal.core.language.settings.providers.LanguageSettingsProvidersSerializer.getSettingEntriesByKind(Lorg/eclipse/cdt/core/settings/model/ICConfigurationDeÜåÔï§M@
Event: 59.312 Thread 0x0000000018af0000 Uncommon trap: reason=bimorphic action=maybe_recompile pc=0x0000000003c015f8 method=org.eclipse.cdt.internal.core.language.settings.providers.LanguageSettingsProvidersSerializer.getSettingEntriesByKind(Lorg/eclipse/cdt/core/settings/model/ICConfigurationDe
Event: 59.392 Thread 0x00000000025de800 Uncommon trap: reason=unreached action=reinterpret pc=0x00000000029b3274 method=java.lang.ref.ReferenceQueue.poll()Ljava/lang/ref/Reference; @ 4
Event: 59.436 Thread 0x00000000025de800 Uncommon trap: reason=unreached action=reinterpret pc=0x0000000002dd549c method=org.eclipse.cdt.managedbuilder.internal.core.Option.getValueHandlerElement()Lorg/eclipse/core/runtime/IConfigurationElement; @ 4
Event: 59.436 Thread 0x00000000025de800 Uncommon trap: reason=null_check action=make_not_entrant pc=0x0000000002cca518 method=org.eclipse.core.runtime.internal.adaptor.EclipseLazyStarter.shouldActivateFor(Ljava/lang/String;Lorg/eclipse/osgi/baseadaptor/BaseData;Lorg/eclipse/core/runtime/internalQŒõÂ†ºM@
Event: 59.457 Thread 0x00000000025de800 Uncommon trap: reason=unreached action=reinterpret pc=0x0000000003b86f18 method=org.eclipse.core.internal.dtree.DeltaDataTree.getData(Lorg/eclipse/core/runtime/IPath;)Ljava/lang/Object; @ 56
Event: 59.461 Thread 0x00000000025de800 Uncommon trap: reason=class_check action=maybe_recompile pc=0x00000000030cdaac method=org.eclipse.core.internal.jobs.DeadlockDetector.lockReleased(Ljava/lang/Thread;Lorg/eclipse/core/runtime/jobs/ISchedulingRule;)V @ 169

Internal exceptions (10 events):
Event: 59.364 Thread 0x0000000018af5000 Exception <a 'sun/net/ConnectionResetException': > (0x00000000f60b4228) thrown at [D:\re\workspace\8-2-build-windows-amd64-cygwin\jdk8u25\1677\hotspot\src\share\vm\prims\jni.cpp, line 742]
Event: 59.364 Thread 0x0000000018af5000 Exception <a 'sun/net/ConnectionResetException': > (0x00000000f60b4400) thrown at [D:\re\workspace\8-2-build-windows-amd64-cygwin\jdk8u25\1677\hotspot\src\share\vm\prims\jni.cpp, line 742]
Event: 59.364 Thread 0x0000000018af5800 Exception <a 'java/net/SocketException': Connection reset by peer: socket write error> (0x00000000f60c8e40) thrown at [D:\re\workspace\8-2-build-windows-amd64-cygwin\jdk8u25\1677\hotspot\src\share\vm\prims\jni.cpp, line 742]
Event: 59.365 Thread 0x0000000018af5800 Exception <a 'java/net/SocketException': Socket closed> (0x00000000f615ff20) thrown at [D:\re\workspace\8-2-build-windows-amd64-cygwin\jdk8u25\1677\hotspot\src\share\vm\prims\jni.cpp, line 742]
Event: 59.436 Thread 0x00000000025de800 Implicit null exception at 0x0000000002cc9b03 to 0x0000000002cca509
Event: 59.450 Thread 0x00000000025de800 Exception <a 'java/io/FileNotFoundException'> (0x00000000f65c9508) thrown at [D:\re\workspace\8-2-build-windows-amd64-cygwin\jdk8u25\1677\hotspot\src\share\vm\prims\jni.cpp, line 716]
Event: 59.457 Thread 0x00000000025de800 Implicit null exception at 0x0000000003b86990 to 0x0000000003b86ef1
Event: 59.481 Thread 0x00000000175c7800 Exception <a 'java/lang/InterruptedException': sleep interrupted> (0x00000000f67a3130) thrown at [D:\re\workspace\8-2-build-windows-amd64-cygwin\jdk8u25\1677\hotspot\src\share\vm\prims\jvm.cpp, line 3141]
Event: 59.482 Thread 0x00000000177b0000 Exception <a 'java/lang/InterruptedException'> (0x00000000f691ca68) thrown at [D:\re\workspace\8-2-build-windows-amd64-cygwin\jdk8u25\1677\hotspot\src\share\vm\runtime\objectMonitor.cpp, line 1682]
Event: 59.508 Thread 0x0000000017e94800 Exception <a 'java/lang/InterruptedException'> (0x00000000f65a6898) thrown at [D:\re\workspace\8-2-build-windows-amd64-cygwin\jdk8u25\1677\hotspot\src\share\vm\runtime\objectMonitor.cpp, line 1682]

Events (10 events):
Event: 59.486 Thread 0x000000001531e000 flushing nmethod 0x0000000002d23410
Event: 59.508 Thread 0x0000000017e94800 Thread exited: 0x0000000017e94800
Event: 59.508 Thread 0x0000000017948800 Thread exited: 0x0000000017948800
Event: 59.508 loading class java/util/IdentityHashMap$KeyIterator
Event: 59.508 loading class java/util/IdentityHashMap$IdentityHashMapIterator
Event: 59.508 loading class java/util/IdentityHashMap$IdentityHashMapIterator done
Event: 59.508 loading class java/util/IdentityHashMap$KeyIterator done
Event: 59.509 Thread 0x0000000018af9800 Thread added: 0x0000000018af9800
Event: 59.509 Thread 0x0000000018af9800 Thread exited: 0x0000000018af9800
Event: 59.509 Executing VM operation: Exit


Dynamic libraries:
0x0000000000400000 - 0x0000000000407000 	E:\Xilinx\SDK\2015.2\eclipse\win64.o\eclipsec.exe
0x00000000779e0000 - 0x0000000077b8b000 	C:\Windows\SYSTEM32\ntdll.dll
0x00000000778c0000 - 0x00000000779df000 	C:\Windows\system32\kernel32.dll
0x000007fefdc00000 - 0x000007fefdc6b000 	C:\Windows\system32\KERNELBASE.dll
0x00000000777c0000 - 0x00000000778ba000 	C:\Windows\system32\USER32.dll
0x000007fefe290000 - 0x000007fefe2f7000 	C:\Windows\system32\GDI32.dll
0x000007feffc90000 - 0x000007feffc9e000 	C:\Windows\system32\LPK.dll
0x000007feff960000 - 0x000007feffa2a000 	C:\Windows\system32\USP10.dll
0x000007fefe060000 - 0x000007fefe0ff000 	C:\Windows\system32\msvcrt.dll
0x000007fefdc70000 - 0x000007fefdd10000 	C:\Windows\WinSxS\amd64_microsoft.windows.common-controls_6595b64144ccf1df_5.82.7600.16385_none_a44af8ec57f961cf\COMCTL32.dll
0x000007fefe700000 - 0x000007fefe7db000 	C:\Windows\system32\ADVAPI32.dll
0x000007fefe6e0000 - 0x000007fefe6ff000 	C:\Windows\SYSTEM32\sechost.dll
0x000007fefe380000 - 0x000007fefe4ae000 	C:\Windows\system32\RPCRT4.dll
0x000007feff790000 - 0x000007feff7be000 	C:\Windows\system32\IMM32.DLL
0x000007fefe100000 - 0x000007fefe209000 	C:\Windows\system32\MSCTF.dll
0x0000000072000000 - 0x0000000072012000 	E:\Xilinx\SDK\2015.2\eclipse\win64.o\plugins\org.eclipse.equinox.launcher.win32.win32.x86_64_1.1.200.v20140116-2212\eclipse_1503.dll
0x000007fefcab0000 - 0x000007fefcabc000 	C:\Windows\system32\VERSION.dll
0x0000000061a70000 - 0x00000000622ca000 	E:\Xilinx\SDK\2015.2\tps\win64\jre\bin\server\jvm.dll
0x000007fef7e80000 - 0x000007fef7e89000 	C:\Windows\system32\WSOCK32.dll
0x000007feffca0000 - 0x000007feffced000 	C:\Windows\system32\WS2_32.dll
0x000007feff780000 - 0x000007feff788000 	C:\Windows\system32\NSI.dll
0x000007fefb7c0000 - 0x000007fefb7fb000 	C:\Windows\system32\WINMM.dll
0x0000000077ba0000 - 0x0000000077ba7000 	C:\Windows\system32\PSAPI.DLL
0x000000006ad30000 - 0x000000006ae02000 	C:\Windows\system32\MSVCR100.dll
0x00000000720d0000 - 0x00000000720df000 	E:\Xilinx\SDK\2015.2\tps\win64\jre\bin\verify.dll
0x00000000720a0000 - 0x00000000720c8000 	E:\Xilinx\SDK\2015.2\tps\win64\jre\bin\java.dll
0x0000000072020000 - 0x0000000072036000 	E:\Xilinx\SDK\2015.2\tps\win64\jre\bin\zip.dll
0x000007fefe9f0000 - 0x000007feff776000 	C:\Windows\system32\SHELL32.dll
0x000007fefe210000 - 0x000007fefe281000 	C:\Windows\system32\SHLWAPI.dll
0x000007fefe7e0000 - 0x000007fefe9e1000 	C:\Windows\system32\ole32.dll
0x000007fefd940000 - 0x000007fefd94f000 	C:\Windows\system32\profapi.dll
0x000007fefd1b0000 - 0x000007fefd1c7000 	C:\Windows\system32\CRYPTSP.dll
0x000007fefce00000 - 0x000007fefce47000 	C:\Windows\system32\rsaenh.dll
0x000007fefccf0000 - 0x000007fefcd0e000 	C:\Windows\system32\USERENV.dll
0x000007fefd870000 - 0x000007fefd87f000 	C:\Windows\system32\CRYPTBASE.dll
0x0000000071ed0000 - 0x0000000071eea000 	E:\Xilinx\SDK\2015.2\tps\win64\jre\bin\net.dll
0x000007fefd110000 - 0x000007fefd164000 	C:\Windows\system32\mswsock.dll
0x000007fefd390000 - 0x000007fefd397000 	C:\Windows\System32\wship6.dll
0x000007fefb020000 - 0x000007fefb047000 	C:\Windows\system32\IPHLPAPI.DLL
0x000007fefb000000 - 0x000007fefb00b000 	C:\Windows\system32\WINNSI.DLL
0x000007fefae90000 - 0x000007fefaea8000 	C:\Windows\system32\dhcpcsvc.DLL
0x000007fefae10000 - 0x000007fefae21000 	C:\Windows\system32\dhcpcsvc6.DLL
0x0000000071eb0000 - 0x0000000071ec1000 	E:\Xilinx\SDK\2015.2\tps\win64\jre\bin\nio.dll
0x000007fefb7a0000 - 0x000007fefb7b5000 	C:\Windows\system32\NLAapi.dll
0x000007fefcfa0000 - 0x000007fefcffb000 	C:\Windows\system32\DNSAPI.dll
0x000007fef9f80000 - 0x000007fef9f8b000 	C:\Windows\System32\winrnr.dll
0x000007fef7960000 - 0x000007fef7975000 	C:\Windows\system32\napinsp.dll
0x000007fef7890000 - 0x000007fef78a9000 	C:\Windows\system32\pnrpnsp.dll
0x000007fefcce0000 - 0x000007fefcce7000 	C:\Windows\System32\wshtcpip.dll
0x000007fef80a0000 - 0x000007fef80a8000 	C:\Windows\system32\rasadhlp.dll
0x000007fefaec0000 - 0x000007fefaf13000 	C:\Windows\System32\fwpuclnt.dll
0x000007fefd7d0000 - 0x000007fefd827000 	C:\Windows\system32\apphelp.dll
0x000000001c1a0000 - 0x000000001c248000 	C:\Users\tasha\.Xilinx\SDK\2015.2\org.eclipse.osgi\bundles\287\1\.cp\swt-win32-4335.dll
0x000007feff7c0000 - 0x000007feff897000 	C:\Windows\system32\OLEAUT32.dll
0x000007feff8c0000 - 0x000007feff958000 	C:\Windows\system32\comdlg32.dll
0x000007fefc180000 - 0x000007fefc374000 	C:\Windows\WinSxS\amd64_microsoft.windows.common-controls_6595b64144ccf1df_6.0.7600.16385_none_fa645303170382f6\COMCTL32.dll
0x000007fef7980000 - 0x000007fef79f0000 	C:\Windows\system32\WINSPOOL.DRV
0x000007fefdd10000 - 0x000007fefde3a000 	C:\Windows\system32\WININET.dll
0x0000000077bb0000 - 0x0000000077bb3000 	C:\Windows\system32\Normaliz.dll
0x000007fefdee0000 - 0x000007fefe058000 	C:\Windows\system32\urlmon.dll
0x000007fefda30000 - 0x000007fefdb96000 	C:\Windows\system32\CRYPT32.dll
0x000007fefd9e0000 - 0x000007fefd9ef000 	C:\Windows\system32\MSASN1.dll
0x000007feffa30000 - 0x000007feffc88000 	C:\Windows\system32\iertutil.dll
0x000007fefc0b0000 - 0x000007fefc106000 	C:\Windows\system32\uxtheme.dll
0x000007fefbcd0000 - 0x000007fefbce8000 	C:\Windows\system32\dwmapi.dll
0x000007fefc390000 - 0x000007fefc4bc000 	C:\Windows\system32\propsys.dll
0x000007fefde40000 - 0x000007fefded9000 	C:\Windows\system32\CLBCatQ.DLL
0x000007fef0b30000 - 0x000007fef0b40000 	E:\Xilinx\SDK\2015.2\lib\win64.o\librdi_repo_manager.dll
0x000007fef1170000 - 0x000007fef119a000 	E:\Xilinx\SDK\2015.2\lib\win64.o\libisl_sysinfo.dll
0x000007feef900000 - 0x000007feef9d4000 	C:\Windows\system32\MSVCR110.dll
0x000007feef800000 - 0x000007feef8a7000 	C:\Windows\system32\MSVCP110.dll
0x000007feecf50000 - 0x000007feed893000 	E:\Xilinx\SDK\2015.2\lib\win64.o\librdi_common.dll
0x000007feee9f0000 - 0x000007feeec98000 	E:\Xilinx\SDK\2015.2\lib\win64.o\libCOIN-all.dll
0x000007feefbc0000 - 0x000007feefde0000 	E:\Xilinx\SDK\2015.2\lib\win64.o\libXil_lmgr11.dll
0x000007fefba00000 - 0x000007fefba16000 	C:\Windows\system32\NETAPI32.dll
0x000007fefb9f0000 - 0x000007fefb9fc000 	C:\Windows\system32\netutils.dll
0x000007fefd450000 - 0x000007fefd473000 	C:\Windows\system32\srvcli.dll
0x000007fefb9d0000 - 0x000007fefb9e5000 	C:\Windows\system32\wkscli.dll
0x000007fefd9f0000 - 0x000007fefda29000 	C:\Windows\system32\WINTRUST.dll
0x000007fef7e70000 - 0x000007fef7e80000 	E:\Xilinx\SDK\2015.2\lib\win64.o\libboost_date_time.dll
0x000007fef3980000 - 0x000007fef39a2000 	E:\Xilinx\SDK\2015.2\lib\win64.o\libboost_filesystem.dll
0x000007fef95f0000 - 0x000007fef95f9000 	E:\Xilinx\SDK\2015.2\lib\win64.o\libboost_system.dll
0x000007fef0600000 - 0x000007fef0674000 	E:\Xilinx\SDK\2015.2\lib\win64.o\libboost_program_options.dll
0x000007fef0500000 - 0x000007fef05fa000 	E:\Xilinx\SDK\2015.2\lib\win64.o\libboost_regex.dll
0x000007fef1d90000 - 0x000007fef1da3000 	E:\Xilinx\SDK\2015.2\lib\win64.o\libboost_signals.dll
0x000007fef1d30000 - 0x000007fef1d4d000 	E:\Xilinx\SDK\2015.2\lib\win64.o\libboost_thread.dll
0x000007fef2290000 - 0x000007fef229b000 	E:\Xilinx\SDK\2015.2\lib\win64.o\libboost_chrono.dll
0x000007fef1ba0000 - 0x000007fef1c20000 	E:\Xilinx\SDK\2015.2\lib\win64.o\libhdlpsolve.dll
0x000007fef0460000 - 0x000007fef04fa000 	E:\Xilinx\SDK\2015.2\lib\win64.o\libhdxml.dll
0x000007feee3e0000 - 0x000007feee9ea200 	E:\Xilinx\SDK\2015.2\lib\win64.o\libisl_iostreams.dll
0x000007fef1d10000 - 0x000007fef1d26000 	E:\Xilinx\SDK\2015.2\lib\win64.o\libboost_iostreams.dll
0x000007fef1b70000 - 0x000007fef1b93000 	E:\Xilinx\SDK\2015.2\lib\win64.o\librdizlib.dll
0x000007fef1b40000 - 0x000007fef1b63000 	E:\Xilinx\SDK\2015.2\lib\win64.o\libisl_iosutils.dll
0x000007fef3c00000 - 0x000007fef3c15000 	E:\Xilinx\SDK\2015.2\lib\win64.o\pthreadVC2.dll
0x000007fef0a20000 - 0x000007fef0a74000 	E:\Xilinx\SDK\2015.2\lib\win64.o\librdi_commonxillic.dll
0x000007feedda0000 - 0x000007feeded0000 	E:\Xilinx\SDK\2015.2\lib\win64.o\librdi_curl.dll
0x000007fef0ac0000 - 0x000007fef0ad8000 	E:\Xilinx\SDK\2015.2\lib\win64.o\librdiconfig.dll
0x000000006c2b0000 - 0x000000006c3d7000 	E:\Xilinx\SDK\2015.2\lib\win64.o\tcl85t.dll
0x000000001f960000 - 0x000000001fbc3000 	E:\Xilinx\SDK\2015.2\lib\win64.o\xerces-c_3_1.dll
0x000007fefa320000 - 0x000007fefa38e000 	C:\Windows\system32\WINHTTP.dll
0x000007fefa2b0000 - 0x000007fefa314000 	C:\Windows\system32\webio.dll
0x000007feeece0000 - 0x000007feeed03000 	C:\Windows\system32\VCOMP110.DLL
0x000007feec140000 - 0x000007feec328000 	E:\Xilinx\SDK\2015.2\lib\win64.o\librdi_hsm.dll
0x000007fef02a0000 - 0x000007fef02e3000 	E:\Xilinx\SDK\2015.2\lib\win64.o\librdi_hdf.dll
0x000007fee1e60000 - 0x000007fee201a000 	E:\Xilinx\SDK\2015.2\lib\win64.o\librdi_ippcw.dll
0x000007feecb40000 - 0x000007feecf4a000 	E:\Xilinx\SDK\2015.2\lib\win64.o\librdi_commontasks.dll
0x000007feec330000 - 0x000007feecb40000 	E:\Xilinx\SDK\2015.2\lib\win64.o\libXil_lmgr11FNP.dll
0x000007fef7710000 - 0x000007fef771b000 	C:\Windows\system32\snmpapi.dll
0x000007fefe4b0000 - 0x000007fefe687000 	C:\Windows\system32\SETUPAPI.dll
0x000007fefdba0000 - 0x000007fefdbd6000 	C:\Windows\system32\CFGMGR32.dll
0x000007fefdbe0000 - 0x000007fefdbfa000 	C:\Windows\system32\DEVOBJ.dll
0x000007fefb130000 - 0x000007fefb184000 	C:\Windows\system32\OLEACC.dll
0x000007fefd790000 - 0x000007fefd7b5000 	C:\Windows\system32\SspiCli.dll
0x000007fef9de0000 - 0x000007fef9def000 	C:\Windows\system32\wbem\wbemprox.dll
0x000007fef9f90000 - 0x000007fefa016000 	C:\Windows\system32\wbemcomn.dll
0x000007fefd920000 - 0x000007fefd934000 	C:\Windows\system32\RpcRtRemote.dll
0x000007fef9850000 - 0x000007fef9864000 	C:\Windows\system32\wbem\wbemsvc.dll
0x000007fef9e20000 - 0x000007fef9f02000 	C:\Windows\system32\wbem\fastprox.dll
0x000007fef9df0000 - 0x000007fef9e17000 	C:\Windows\system32\NTDSAPI.dll
0x000007feebb90000 - 0x000007feebf25000 	E:\Xilinx\SDK\2015.2\lib\win64.o\librdi_hsmtasks.dll
0x000007fef09c0000 - 0x000007fef09dc000 	E:\Xilinx\SDK\2015.2\lib\win64.o\librdi_hw_platform.dll
0x0000000180000000 - 0x0000000180012000 	C:\Users\tasha\.Xilinx\SDK\2015.2\org.eclipse.osgi\bundles\113\1\.cp\os\win32\x86_64\localfile_1_0_0.dll
0x000007fef7be0000 - 0x000007fef7bef000 	E:\Xilinx\SDK\2015.2\lib\win64.o\librdi_swdb.dll
0x000007fef0ab0000 - 0x000007fef0abc000 	E:\Xilinx\SDK\2015.2\lib\win64.o\librdi_app_gen.dll
0x000007fef09a0000 - 0x000007fef09bb000 	E:\Xilinx\SDK\2015.2\lib\win64.o\librdi_sw_platform.dll
0x000007fef0320000 - 0x000007fef0336000 	E:\Xilinx\SDK\2015.2\eclipse\win64.o\plugins\org.eclipse.cdt.core.win32.x86_64_5.2.0.201402142303\os\win32\x86_64\spawner.dll
0x000007fef6700000 - 0x000007fef6825000 	C:\Windows\system32\dbghelp.dll

VM Arguments:
jvm_args: -Dorg.eclipse.cdt.core.console org.eclipse.cdt.core.systemConsole -Xms64m -Xmx512m & 
java_command: <unknown>
java_class_path (initial): E:\Xilinx\SDK\2015.2\eclipse\win64.o\\plugins/org.eclipse.equinox.launcher_1.3.0.v20130327-1440.jar
Launcher Type: generic

Environment Variables:
USERNAME=tasha
OS=Windows_NT
PROCESSOR_IDENTIFIER=Intel64 Family 6 Model 45 Stepping 6, GenuineIntel



---------------  S Y S T E M  ---------------

OS: Windows 7 , 64 bit Build 7600 

CPU:total 12 (6 cores per cpu, 2 threads per core) family 6 model 45 stepping 6, cmov, cx8, fxsr, mmx, sse, sse2, sse3, ssse3, sse4.1, sse4.2, popcnt, aes, clmul, ht, tsc, tscinvbit, tscinv

Memory: 4k page, physical 67085660k(39941396k free), swap 134169424k(90559660k free)

vm_info: Java HotSpot(TM) 64-Bit Server VM (25.25-b02) for windows-amd64 JRE (1.8.0_25-b18), built on Oct  7 2014 14:25:37 by "java_re" with MS VC++ 10.0 (VS2010)

time: Mon Feb 08 17:19:50 2016
elapsed time: 60 seconds (0d 0h 1m 0s)

